Building DAG of jobs...
Using shell: /usr/bin/bash
Provided cores: 40
Rules claiming more threads will be scaled down.
Job stats:
job                            count
---------------------------  -------
all                                1
extract_putatEVEs                 25
extract_validatEVEs               25
mask_putatEVEs                    25
masksearch_putatEVEs              25
retrosearch_putatEVEs_merge       25
retrosearch_putatEVEs_udb         25
retrosearch_putatEVEs_vdb         25
search_assemblies                 25
taxize_putatEVEs                  25
validate_putatEVEs                25
total                            251

Select jobs to execute...
Execute 1 jobs...

[Tue Jul  2 13:49:07 2024]
localrule search_assemblies:
    input: genomes/AAFR03.fna
    output: results/AAFR03-search.o6, results/AAFR03-search.bed
    jobid: 81
    reason: Missing output files: results/AAFR03-search.bed
    wildcards: asm=AAFR03
    threads: 40
    resources: tmpdir=/tmp

[Tue Jul  2 14:25:24 2024]
Finished job 81.
1 of 251 steps (0.4%) done
Select jobs to execute...
Execute 1 jobs...

[Tue Jul  2 14:25:24 2024]
localrule search_assemblies:
    input: genomes/AAGU03.fna
    output: results/AAGU03-search.o6, results/AAGU03-search.bed
    jobid: 4
    reason: Missing output files: results/AAGU03-search.bed
    wildcards: asm=AAGU03
    threads: 40
    resources: tmpdir=/tmp

[Tue Jul  2 14:55:38 2024]
Finished job 4.
2 of 251 steps (1%) done
Select jobs to execute...
Execute 1 jobs...

[Tue Jul  2 14:55:38 2024]
localrule search_assemblies:
    input: genomes/CABD02.fna
    output: results/CABD02-search.o6, results/CABD02-search.bed
    jobid: 158
    reason: Missing output files: results/CABD02-search.bed
    wildcards: asm=CABD02
    threads: 40
    resources: tmpdir=/tmp

[Tue Jul  2 15:26:57 2024]
Finished job 158.
3 of 251 steps (1%) done
Select jobs to execute...
Execute 1 jobs...

[Tue Jul  2 15:26:57 2024]
localrule search_assemblies:
    input: genomes/ABQO01.fna
    output: results/ABQO01-search.o6, results/ABQO01-search.bed
    jobid: 136
    reason: Missing output files: results/ABQO01-search.bed
    wildcards: asm=ABQO01
    threads: 40
    resources: tmpdir=/tmp

[Tue Jul  2 16:17:57 2024]
Finished job 136.
4 of 251 steps (2%) done
Select jobs to execute...
Execute 1 jobs...

[Tue Jul  2 16:17:57 2024]
localrule search_assemblies:
    input: genomes/ABRQ01.fna
    output: results/ABRQ01-search.o6, results/ABRQ01-search.bed
    jobid: 114
    reason: Missing output files: results/ABRQ01-search.bed
    wildcards: asm=ABRQ01
    threads: 40
    resources: tmpdir=/tmp

