Building DAG of jobs...
Using shell: /usr/bin/bash
Provided cores: 40
Rules claiming more threads will be scaled down.
Job stats:
job                            count
---------------------------  -------
all                                1
download_genome                   24
extract_putatEVEs                 24
extract_validatEVEs               24
mask_putatEVEs                    24
masksearch_putatEVEs              24
retrosearch_putatEVEs_merge       24
retrosearch_putatEVEs_udb         24
retrosearch_putatEVEs_vdb         24
search_assemblies                 24
taxize_putatEVEs                  24
validate_putatEVEs                24
total                            265

Select jobs to execute...
Execute 1 jobs...

[Fri Jul  5 12:25:12 2024]
localrule download_genome:
    output: genomes/AXCQ01  .fna, genomes/AXCQ01  .htm
    log: genomes/AXCQ01  .log
    jobid: 192
    reason: Missing output files: genomes/AXCQ01  .fna
    wildcards: asm=AXCQ01  
    threads: 24
    resources: tmpdir=/tmp

[Fri Jul  5 12:25:13 2024]
Error in rule download_genome:
    jobid: 192
    output: genomes/AXCQ01  .fna, genomes/AXCQ01  .htm
    log: genomes/AXCQ01  .log (check log file(s) for error details)
    shell:
        /media/veelab/Data/detectEVE/workflow/scripts/download-traces.sh AXCQ01   genomes/AXCQ01  .htm > genomes/AXCQ01  .fna 2> genomes/AXCQ01  .log
        (one of the commands exited with non-zero exit code; note that snakemake uses bash strict mode!)

Select jobs to execute...
Execute 1 jobs...

[Fri Jul  5 12:25:13 2024]
localrule download_genome:
    output: genomes/APCN01  .fna, genomes/APCN01  .htm
    log: genomes/APCN01  .log
    jobid: 115
    reason: Missing output files: genomes/APCN01  .fna
    wildcards: asm=APCN01  
    threads: 24
    resources: tmpdir=/tmp

Terminating processes on user request, this might take some time.
[Fri Jul  5 12:25:17 2024]
Error in rule download_genome:
    jobid: 115
    output: genomes/APCN01  .fna, genomes/APCN01  .htm
    log: genomes/APCN01  .log (check log file(s) for error details)
    shell:
        /media/veelab/Data/detectEVE/workflow/scripts/download-traces.sh APCN01   genomes/APCN01  .htm > genomes/APCN01  .fna 2> genomes/APCN01  .log
        (one of the commands exited with non-zero exit code; note that snakemake uses bash strict mode!)

Complete log: .snakemake/log/2024-07-05T122512.246723.snakemake.log
WorkflowError:
At least one job did not complete successfully.
