Building DAG of jobs...
Using shell: /usr/bin/bash
Provided cores: 40
Rules claiming more threads will be scaled down.
Job stats:
job                            count
---------------------------  -------
all                                1
extract_putatEVEs                 25
extract_validatEVEs               25
mask_putatEVEs                    25
masksearch_putatEVEs              25
retrosearch_putatEVEs_merge       25
retrosearch_putatEVEs_udb         25
retrosearch_putatEVEs_vdb         25
search_assemblies                 25
taxize_putatEVEs                  25
validate_putatEVEs                25
total                            251

Select jobs to execute...
Execute 1 jobs...

[Wed Jul 10 11:49:28 2024]
localrule search_assemblies:
    input: genomes/AAFR03.fna
    output: results/AAFR03-search.o6, results/AAFR03-search.bed
    jobid: 257
    reason: Missing output files: results/AAFR03-search.bed
    wildcards: asm=AAFR03
    threads: 40
    resources: tmpdir=/tmp

[Wed Jul 10 12:20:30 2024]
Finished job 257.
1 of 251 steps (0.4%) done
Select jobs to execute...
Execute 1 jobs...

[Wed Jul 10 12:20:30 2024]
localrule search_assemblies:
    input: genomes/AAGU03.fna
    output: results/AAGU03-search.o6, results/AAGU03-search.bed
    jobid: 92
    reason: Missing output files: results/AAGU03-search.bed
    wildcards: asm=AAGU03
    threads: 40
    resources: tmpdir=/tmp

Terminating processes on user request, this might take some time.
[Wed Jul 10 12:34:02 2024]
Error in rule search_assemblies:
    jobid: 92
    input: genomes/AAGU03.fna
    output: results/AAGU03-search.o6, results/AAGU03-search.bed
    shell:
        /media/veelab/Data/detectEVE/workflow/scripts/diamond-chopped.sh blastx --query genomes/AAGU03.fna --out results/AAGU03-search.o6 --threads 40 --db /media/veelab/Data/detectEVE/databases/rvdb80.dmnd --taxonlist 2732396,2731342 --evalue 1e-4 -c1 -b6 -F15 --very-sensitive --max-hsps 100 --range-culling -k 20 --outfmt 6 qseqid sseqid pident length mismatch gapopen qstart qend sstart send evalue bitscore stitle -W 60000 -S 50000
/media/veelab/Data/detectEVE/workflow/scripts/blast2bed -qa results/AAGU03-search.o6 | /media/veelab/Data/detectEVE/workflow/scripts/bed-top -m 83 > results/AAGU03-search.bed
        (one of the commands exited with non-zero exit code; note that snakemake uses bash strict mode!)

Complete log: .snakemake/log/2024-07-10T114928.434498.snakemake.log
WorkflowError:
At least one job did not complete successfully.
